#-----------------------------------------------------------
# Vivado v2016.3 (64-bit)
# SW Build 1682563 on Mon Oct 10 19:07:26 MDT 2016
# IP Build 1681267 on Mon Oct 10 21:28:31 MDT 2016
# Start of session at: Thu Jul 19 02:04:07 2018
# Process ID: 12649
# Current directory: /home/matt/Documents/Google Drive/Materials/KDP/Oscilloscope Mod/HP2VGA
# Command line: vivado
# Log file: /home/matt/Documents/Google Drive/Materials/KDP/Oscilloscope Mod/HP2VGA/vivado.log
# Journal file: /home/matt/Documents/Google Drive/Materials/KDP/Oscilloscope Mod/HP2VGA/vivado.jou
#-----------------------------------------------------------
start_gui
open_project {/home/matt/Documents/Google Drive/Materials/KDP/Oscilloscope Mod/FPGA/Final_Code/Format_Convert/Format_Convert.xpr}
Scanning sources...
Finished scanning sources
INFO: [IP_Flow 19-234] Refreshing IP repositories
INFO: [IP_Flow 19-1704] No user IP repositories specified
INFO: [IP_Flow 19-2313] Loaded Vivado IP repository '/opt/Xilinx/Vivado/2016.3/data/ip'.
open_project: Time (s): cpu = 00:00:21 ; elapsed = 00:00:14 . Memory (MB): peak = 5843.625 ; gain = 107.270 ; free physical = 3702 ; free virtual = 9444
INFO: [Device 21-403] Loading part xc7a100tcsg324-3
WARNING: [IP_Flow 19-4067] Ignoring invalid widget type specified checkbox.Providing a default widget
WARNING: [IP_Flow 19-4067] Ignoring invalid widget type specified checkbox.Providing a default widget
exit
INFO: [Common 17-206] Exiting Vivado at Thu Jul 19 02:09:30 2018...
