Copyright (c) 1991-1994 by NeoCAD Inc. All rights reserved.
Copyright (c) 1995 AT&T Corp.   All rights reserved.
Copyright (c) 1995-2001 Lucent Technologies Inc.  All rights reserved.
Copyright (c) 2001 Agere Systems   All rights reserved.
Copyright (c) 2002-2015 Lattice Semiconductor Corporation,  All rights reserved.
Sun Sep 23 23:04:48 2018


Command Line:  C:\lscc\iCEcube2.2017.08\LSE\bin\nt\synthesis.exe -f HP2VGA_lse.prj 

Synthesis options:
The -a option is SBTiCE40.
The -t option is BG121.
The -d option is iCE40HX8K.
                                                          

##########################################################

### Lattice Family : SBTiCE40

### Device  : iCE40HX8K

### Package : BG121

### Number of Logic Cells: 7680

### Number of RAM4k Blocks: 32

### Number of DSP Blocks: 0

### Number of PLLs: 2

### Number of IO Pins: 206

##########################################################

                                                          

Optimization goal = Timing
Top-level module name = main.
Target frequency = 50.000000 MHz.
Maximum fanout = 10000.
Timing path count = 3
RWCheckOnRam = 0

BRAM utilization = 100.000000 %
DSP usage = true (default)
DSP utilization = 100 % (default)
fsm_encoding_style = auto
resolve_mixed_drivers = 0
fix_gated_clocks = 1

Mux style = auto (Default)
Use Carry Chain = true
carry_chain_length = 0
Loop Limit = 1950.
Use IO Insertion = TRUE
Use IO Reg = AUTO

Resource Sharing = TRUE
Propagate Constants = TRUE
Remove Duplicate Registers = TRUE
Output EDIF file name = HP2VGA_Implmnt/HP2VGA.edf.
WARNING - synthesis: Option -force_gsr will be set to false when option -output_edif/-ngo are set
ROM style = auto
RAM style = auto
The -comp option is FALSE.
The -syn option is FALSE.
-p E:/Materials/KDP/Oscilloscope Mod/HP2VGA/Software/HP2VGA_iCE40/HP2VGA (searchpath added)
Verilog design file = ../main.v
Verilog design file = ../TX_PLL.v
Verilog design file = ../RAM.v
Verilog design file = ../TX.v
Verilog design file = ../RX.v
Verilog design file = ../O_COUNTER.v
Verilog design file = ../VGA_CONTROL.v
Verilog design file = ../TX_PLL_FAST.v
Verilog design file = ../PLL_100_TO_48MHz96.v
Verilog design file = ../PLL_100_TO_20MHz.v
Verilog design file = ../PLL_20_TO_100MHz.v
Verilog design file = ../DIV_BY_5.v
Verilog design file = ../INPUT_BUFFER.v
-sdc option: SDC file input not used.
Technology check ok...

Analyzing Verilog file C:/lscc/iCEcube2.2017.08/LSE/userware/NT/SYNTHESIS_HEADERS/machxo2.v. VERI-1482
Analyzing Verilog file C:/lscc/iCEcube2.2017.08/LSE/userware/NT/SYNTHESIS_HEADERS/sb_ice40.v. VERI-1482
Compile design.
Compile Design Begin
Analyzing Verilog file ../main.v. VERI-1482
WARNING - synthesis: ../main.v(35): /* in comment. VERI-1049
Analyzing Verilog file ../tx_pll.v. VERI-1482
Analyzing Verilog file ../ram.v. VERI-1482
Analyzing Verilog file ../tx.v. VERI-1482
Analyzing Verilog file ../rx.v. VERI-1482
Analyzing Verilog file ../o_counter.v. VERI-1482
Analyzing Verilog file ../vga_control.v. VERI-1482
Analyzing Verilog file ../tx_pll_fast.v. VERI-1482
Analyzing Verilog file ../pll_100_to_48mhz96.v. VERI-1482
Analyzing Verilog file ../pll_100_to_20mhz.v. VERI-1482
Analyzing Verilog file ../pll_20_to_100mhz.v. VERI-1482
Analyzing Verilog file ../div_by_5.v. VERI-1482
Analyzing Verilog file ../input_buffer.v. VERI-1482
Analyzing Verilog file C:/lscc/iCEcube2.2017.08/LSE/userware/NT/SYNTHESIS_HEADERS/sb_ice40.v. VERI-1482
WARNING - synthesis: C:/lscc/iCEcube2.2017.08/LSE/userware/NT/SYNTHESIS_HEADERS/sb_ice40.v(79): assignment to input EVERI-1214
WARNING - synthesis: C:/lscc/iCEcube2.2017.08/LSE/userware/NT/SYNTHESIS_HEADERS/sb_ice40.v(88): assignment to input EVERI-1214
WARNING - synthesis: C:/lscc/iCEcube2.2017.08/LSE/userware/NT/SYNTHESIS_HEADERS/sb_ice40.v(98): assignment to input EVERI-1214
WARNING - synthesis: C:/lscc/iCEcube2.2017.08/LSE/userware/NT/SYNTHESIS_HEADERS/sb_ice40.v(108): assignment to input EVERI-1214
WARNING - synthesis: C:/lscc/iCEcube2.2017.08/LSE/userware/NT/SYNTHESIS_HEADERS/sb_ice40.v(118): assignment to input EVERI-1214
WARNING - synthesis: C:/lscc/iCEcube2.2017.08/LSE/userware/NT/SYNTHESIS_HEADERS/sb_ice40.v(170): assignment to input EVERI-1214
WARNING - synthesis: C:/lscc/iCEcube2.2017.08/LSE/userware/NT/SYNTHESIS_HEADERS/sb_ice40.v(179): assignment to input EVERI-1214
WARNING - synthesis: C:/lscc/iCEcube2.2017.08/LSE/userware/NT/SYNTHESIS_HEADERS/sb_ice40.v(189): assignment to input EVERI-1214
WARNING - synthesis: C:/lscc/iCEcube2.2017.08/LSE/userware/NT/SYNTHESIS_HEADERS/sb_ice40.v(199): assignment to input EVERI-1214
WARNING - synthesis: C:/lscc/iCEcube2.2017.08/LSE/userware/NT/SYNTHESIS_HEADERS/sb_ice40.v(209): assignment to input EVERI-1214
WARNING - synthesis: C:/lscc/iCEcube2.2017.08/LSE/userware/NT/SYNTHESIS_HEADERS/sb_ice40.v(3725): empty port in module declaration. VERI-1294
Top module name (Verilog): main
INFO - synthesis: ../main.v(1): compiling module main. VERI-1018
INFO - synthesis: ../tx_pll.v(1): compiling module TX_PLL. VERI-1018
INFO - synthesis: C:/lscc/iCEcube2.2017.08/LSE/userware/NT/SYNTHESIS_HEADERS/sb_ice40.v(699): compiling module SB_PLL40_CORE(FDA_FEEDBACK=4'b0,FDA_RELATIVE=4'b0,DIVF=7'b0100110,DIVQ=3'b100,FILTER_RANGE=3'b010). VERI-1018
WARNING - synthesis: ../tx_pll.v(26): input port EXTFEEDBACK is not connected on this instance. VDB-1013
INFO - synthesis: ../div_by_5.v(1): compiling module DIV_BY_5. VERI-1018
WARNING - synthesis: ../div_by_5.v(11): expression size 32 truncated to fit in target size 4. VERI-1209
INFO - synthesis: ../rx.v(23): compiling module RX. VERI-1018
INFO - synthesis: ../o_counter.v(23): compiling module O_COUNTER. VERI-1018
WARNING - synthesis: ../o_counter.v(59): expression size 32 truncated to fit in target size 9. VERI-1209
WARNING - synthesis: ../o_counter.v(62): expression size 32 truncated to fit in target size 10. VERI-1209
WARNING - synthesis: ../o_counter.v(72): expression size 32 truncated to fit in target size 6. VERI-1209
WARNING - synthesis: ../o_counter.v(83): expression size 32 truncated to fit in target size 10. VERI-1209
WARNING - synthesis: ../o_counter.v(84): expression size 32 truncated to fit in target size 9. VERI-1209
WARNING - synthesis: ../rx.v(62): expression size 32 truncated to fit in target size 14. VERI-1209
INFO - synthesis: ../tx.v(23): compiling module TX. VERI-1018
INFO - synthesis: ../vga_control.v(26): compiling module VGA_CONTROL. VERI-1018
WARNING - synthesis: ../vga_control.v(62): expression size 32 truncated to fit in target size 12. VERI-1209
WARNING - synthesis: ../vga_control.v(63): expression size 32 truncated to fit in target size 12. VERI-1209
WARNING - synthesis: ../vga_control.v(66): expression size 32 truncated to fit in target size 8. VERI-1209
WARNING - synthesis: ../vga_control.v(67): expression size 32 truncated to fit in target size 8. VERI-1209
WARNING - synthesis: ../vga_control.v(68): expression size 32 truncated to fit in target size 8. VERI-1209
WARNING - synthesis: ../vga_control.v(86): expression size 32 truncated to fit in target size 12. VERI-1209
WARNING - synthesis: ../vga_control.v(93): expression size 32 truncated to fit in target size 12. VERI-1209
WARNING - synthesis: ../tx.v(46): actual bit length 32 differs from formal bit length 1 for port RESET. VERI-1330
WARNING - synthesis: ../tx.v(60): expression size 32 truncated to fit in target size 8. VERI-1209
WARNING - synthesis: ../tx.v(61): expression size 32 truncated to fit in target size 8. VERI-1209
WARNING - synthesis: ../tx.v(62): expression size 32 truncated to fit in target size 8. VERI-1209
WARNING - synthesis: ../main.v(80): actual bit length 32 differs from formal bit length 1 for port ENABLE. VERI-1330
INFO - synthesis: ../ram.v(1): compiling module RAM. VERI-1018
Loading NGL library 'C:/lscc/iCEcube2.2017.08/LSE/xo2c00/data/xo2clib.ngl'...
Loading NGL library 'C:/lscc/iCEcube2.2017.08/LSE/or5g00/data/orc5glib.ngl'...
Top-level module name = main.
WARNING - synthesis: ../tx_pll.v(26): input port EXTFEEDBACK is not connected on this instance. VDB-1013
######## Converting I/O port DEBUG[7] to output.
######## Converting I/O port DEBUG[6] to output.
######## Converting I/O port DEBUG[5] to output.
######## Converting I/O port DEBUG[4] to output.
######## Converting I/O port DEBUG[3] to output.
######## Converting I/O port DEBUG[0] to output.
Removed duplicate sequential element ADV_G(8 bit), because it is equivalent to ADV_R

Removed duplicate sequential element ADV_B(8 bit), because it is equivalent to ADV_R




######## Found 1 RTL RAMs in the design.
######## Mapping RTL RAM \line_buffer/mem to 32 EBR blocks in PSEUDO_DUAL_PORT Mode

######## Converting I/O port DEBUG[2] to output.
######## Converting I/O port DEBUG[1] to output.
WARNING - synthesis: ../vga_control.v(103): Register \transmit_module/video_signal_controller/SYNC_EN_SMOOTH_64 is stuck at One. VDB-5014
Duplicate register/latch removal. \transmit_module/BRAM_ADDR__rep_1_i0 is a one-to-one match with \transmit_module/BRAM_ADDR__i11.
Duplicate register/latch removal. \transmit_module/BRAM_ADDR__i12 is a one-to-one match with \transmit_module/BRAM_ADDR__rep_1_i1.
Duplicate register/latch removal. \transmit_module/BRAM_ADDR__i13 is a one-to-one match with \transmit_module/BRAM_ADDR__rep_1_i2.
WARNING - synthesis: Initial value found on instance \transmit_module/video_signal_controller/VGA_X_i4 will be ignored.
WARNING - synthesis: Initial value found on instance \transmit_module/video_signal_controller/VGA_X_i5 will be ignored.
WARNING - synthesis: Initial value found on instance \transmit_module/video_signal_controller/VGA_X_i7 will be ignored.
WARNING - synthesis: Initial value found on instance \transmit_module/video_signal_controller/VGA_X_i10 will be ignored.
WARNING - synthesis: Initial value found on instance \transmit_module/video_signal_controller/VGA_Y_i2 will be ignored.
WARNING - synthesis: Initial value found on instance \transmit_module/video_signal_controller/VGA_Y_i3 will be ignored.
WARNING - synthesis: Initial value found on instance \transmit_module/video_signal_controller/VGA_Y_i5 will be ignored.
WARNING - synthesis: Initial value found on instance \transmit_module/video_signal_controller/VGA_Y_i6 will be ignored.
WARNING - synthesis: Initial value found on instance \transmit_module/video_signal_controller/VGA_Y_i9 will be ignored.
Applying 50.000000 MHz constraint to all clocks

Writing scf file : HP2VGA_Implmnt/HP2VGA.scf

Writing scf file : HP2VGA_Implmnt/HP2VGA.scf

Writing scf file : HP2VGA_Implmnt/HP2VGA.scf

Writing scf file : HP2VGA_Implmnt/HP2VGA.scf

Writing scf file : HP2VGA_Implmnt/HP2VGA.scf

Results of NGD DRC are available in main_drc.log.

################### Begin Area Report (main)######################
Number of register bits => 227 of 7680 (2 % )
SB_CARRY => 79
SB_DFF => 32
SB_DFFE => 1
SB_DFFESR => 87
SB_DFFESS => 72
SB_DFFNSR => 12
SB_DFFSR => 23
SB_GB_IO => 1
SB_IO => 48
SB_LUT4 => 246
SB_PLL40_CORE => 1
SB_RAM2048x2 => 32
################### End Area Report ##################

################### Begin Clock Report ######################
Clock Nets
Number of Clocks: 2
  Net : tx_pll/ADV_CLK_c, loads : 225
  Net : DEBUG_c_1_c, loads : 41
Clock Enable Nets
Number of Clock Enables: 0
Top 0 highest fanout Clock Enables:
Highest fanout non-clock nets
Top 10 highest fanout non-clock nets:
  Net : transmit_module/video_signal_controller/ADV_VSYNC_c, loads : 133
  Net : transmit_module/video_signal_controller/n4225, loads : 49
  Net : transmit_module/video_signal_controller/n4224, loads : 49
  Net : transmit_module/n28, loads : 32
  Net : receive_module/rx_counter/RX_ADDR_2, loads : 32
  Net : receive_module/rx_counter/RX_ADDR_1, loads : 32
  Net : receive_module/rx_counter/RX_ADDR_0, loads : 32
  Net : transmit_module/n20, loads : 32
  Net : transmit_module/n26, loads : 32
  Net : transmit_module/n25, loads : 32
################### End Clock Report ##################

Timing Report Summary
--------------
--------------------------------------------------------------------------------
Constraint                              |   Constraint|       Actual|Levels
--------------------------------------------------------------------------------
                                        |             |             |
create_clock -period 20.000000 -name    |             |             |
clk1 [get_nets DEBUG_c_1_c]             |   50.000 MHz|   41.134 MHz|    15 *
                                        |             |             |
create_clock -period 20.000000 -name    |             |             |
clk0 [get_nets ADV_CLK_c]               |            -|            -|     0  
                                        |             |             |
--------------------------------------------------------------------------------


1 constraints not met.


Peak Memory Usage: 41.816  MB

--------------------------------------------------------------
Elapsed CPU time for LSE flow : 3.094  secs
--------------------------------------------------------------
